2025-04-13  8:22:36 0 [Note] InnoDB: Mutexes and rw_locks use Windows interlocked functions
2025-04-13  8:22:36 0 [Note] InnoDB: Uses event mutexes
2025-04-13  8:22:36 0 [Note] InnoDB: Compressed tables use zlib 1.2.11
2025-04-13  8:22:36 0 [Note] InnoDB: Number of pools: 1
2025-04-13  8:22:36 0 [Note] InnoDB: Using SSE2 crc32 instructions
2025-04-13  8:22:36 0 [Note] InnoDB: Initializing buffer pool, total size = 128M, instances = 1, chunk size = 128M
2025-04-13  8:22:36 0 [Note] InnoDB: Completed initialization of buffer pool
2025-04-13  8:22:36 0 [Note] InnoDB: Resizing redo log from 2*5242880 to 2*50331648 bytes; LSN=414221
2025-04-13  8:22:37 0 [Note] InnoDB: Starting to delete and rewrite log files.
2025-04-13  8:22:37 0 [Note] InnoDB: Setting log file .\ib_logfile101 size to 50331648 bytes
2025-04-13  8:22:37 0 [Note] InnoDB: Setting log file .\ib_logfile1 size to 50331648 bytes
2025-04-13  8:22:37 0 [Note] InnoDB: Renaming log file .\ib_logfile101 to .\ib_logfile0
2025-04-13  8:22:37 0 [Note] InnoDB: New log files created, LSN=414221
2025-04-13  8:22:37 0 [Note] InnoDB: 128 out of 128 rollback segments are active.
2025-04-13  8:22:37 0 [Note] InnoDB: Creating shared tablespace for temporary tables
2025-04-13  8:22:37 0 [Note] InnoDB: Setting file '.\ibtmp1' size to 12 MB. Physically writing the file full; Please wait ...
2025-04-13  8:22:37 0 [Note] InnoDB: File '.\ibtmp1' size is now 12 MB.
2025-04-13  8:22:37 0 [Note] InnoDB: Waiting for purge to start
2025-04-13  8:22:37 0 [Note] InnoDB: 10.4.24 started; log sequence number 414221; transaction id 427
2025-04-13  8:22:37 0 [Note] InnoDB: Loading buffer pool(s) from C:\xampp\mysql\data\ib_buffer_pool
2025-04-13  8:22:37 0 [Note] Plugin 'FEEDBACK' is disabled.
2025-04-13  8:22:37 0 [Note] InnoDB: Buffer pool(s) load completed at 250413  8:22:37
2025-04-13  8:22:37 6 [ERROR] mysqld.exe: Table '.\mysql\global_priv' is marked as crashed and should be repaired
2025-04-13  8:22:37 6 [Warning] Checking table:   '.\mysql\global_priv'
2025-04-13  8:22:37 6 [Warning] mysql.global_priv: 1 client is using or hasn't closed the table properly
2025-04-13  8:22:37 6 [Note] mysql.global_priv: Table is fixed
ERROR: 1471  The target table user of the INSERT is not insertable-into
2025-04-13  8:22:37 0 [ERROR] Aborting
